[2026-03-14 12:57:33,352] [PID 138] [MainThread] [dramatiq.MainProcess] [INFO] Dramatiq '1.16.0' is booting up.
[2026-03-14 12:57:31] - [DEBUG] - [dramatiq.WorkerProcess(0):396]  - Loading modules...
[2026-03-14 12:57:32] - [DEBUG] - [dramatiq.WorkerProcess(0):408]  - Starting worker threads...
[2026-03-14 12:57:32] - [DEBUG] - [dramatiq.worker._WorkerMiddleware:223]  - Adding consumer for queue 'default'.
[2026-03-14 12:57:32] - [DEBUG] - [dramatiq.worker.ConsumerThread(default):248]  - Running consumer thread...
[2026-03-14 12:57:32] - [DEBUG] - [dramatiq.worker._WorkerMiddleware:227]  - Adding consumer for delay queue 'default.DQ'.
[2026-03-14 12:57:32] - [DEBUG] - [dramatiq.worker.ConsumerThread(default.DQ):248]  - Running consumer thread...
[2026-03-14 12:57:32] - [DEBUG] - [dramatiq.worker.WorkerThread:449]  - Running worker thread...
[2026-03-14 12:57:32] - [DEBUG] - [dramatiq.worker.WorkerThread:449]  - Running worker thread...
[2026-03-14 12:57:32] - [DEBUG] - [dramatiq.worker.WorkerThread:449]  - Running worker thread...
[2026-03-14 12:57:32] - [DEBUG] - [dramatiq.worker.WorkerThread:449]  - Running worker thread...
[2026-03-14 12:57:32] - [INFO] - [dramatiq.WorkerProcess(0):423]  - Worker process is ready for action.
[2026-03-14 12:57:31] - [DEBUG] - [dramatiq.WorkerProcess(1):396]  - Loading modules...
[2026-03-14 12:57:31] - [DEBUG] - [dramatiq.WorkerProcess(1):402]  - Sending forks to main process...
[2026-03-14 12:57:31] - [DEBUG] - [dramatiq.WorkerProcess(1):408]  - Starting worker threads...
[2026-03-14 12:57:31] - [DEBUG] - [dramatiq.worker._WorkerMiddleware:223]  - Adding consumer for queue 'default'.
[2026-03-14 12:57:31] - [DEBUG] - [dramatiq.worker.ConsumerThread(default):248]  - Running consumer thread...
[2026-03-14 12:57:31] - [DEBUG] - [dramatiq.worker._WorkerMiddleware:227]  - Adding consumer for delay queue 'default.DQ'.
[2026-03-14 12:57:31] - [DEBUG] - [dramatiq.worker.ConsumerThread(default.DQ):248]  - Running consumer thread...
[2026-03-14 12:57:31] - [DEBUG] - [dramatiq.worker.WorkerThread:449]  - Running worker thread...
[2026-03-14 12:57:31] - [DEBUG] - [dramatiq.worker.WorkerThread:449]  - Running worker thread...
[2026-03-14 12:57:31] - [DEBUG] - [dramatiq.worker.WorkerThread:449]  - Running worker thread...
[2026-03-14 12:57:31] - [DEBUG] - [dramatiq.worker.WorkerThread:449]  - Running worker thread...
[2026-03-14 12:57:31] - [INFO] - [dramatiq.WorkerProcess(1):423]  - Worker process is ready for action.
[2026-03-14 12:57:31] - [DEBUG] - [dramatiq.WorkerProcess(2):396]  - Loading modules...
[2026-03-14 12:57:31] - [DEBUG] - [dramatiq.WorkerProcess(2):408]  - Starting worker threads...
[2026-03-14 12:57:31] - [DEBUG] - [dramatiq.worker._WorkerMiddleware:223]  - Adding consumer for queue 'default'.
[2026-03-14 12:57:31] - [DEBUG] - [dramatiq.worker.ConsumerThread(default):248]  - Running consumer thread...
[2026-03-14 12:57:31] - [DEBUG] - [dramatiq.worker._WorkerMiddleware:227]  - Adding consumer for delay queue 'default.DQ'.
[2026-03-14 12:57:31] - [DEBUG] - [dramatiq.worker.ConsumerThread(default.DQ):248]  - Running consumer thread...
[2026-03-14 12:57:31] - [DEBUG] - [dramatiq.worker.WorkerThread:449]  - Running worker thread...
[2026-03-14 12:57:31] - [DEBUG] - [dramatiq.worker.WorkerThread:449]  - Running worker thread...
[2026-03-14 12:57:31] - [DEBUG] - [dramatiq.worker.WorkerThread:449]  - Running worker thread...
[2026-03-14 12:57:31] - [DEBUG] - [dramatiq.worker.WorkerThread:449]  - Running worker thread...
[2026-03-14 12:57:31] - [INFO] - [dramatiq.WorkerProcess(2):423]  - Worker process is ready for action.
[2026-03-14 12:57:32] - [DEBUG] - [dramatiq.WorkerProcess(3):396]  - Loading modules...
[2026-03-14 12:57:32] - [DEBUG] - [dramatiq.WorkerProcess(3):408]  - Starting worker threads...
[2026-03-14 12:57:32] - [DEBUG] - [dramatiq.worker._WorkerMiddleware:223]  - Adding consumer for queue 'default'.
[2026-03-14 12:57:32] - [DEBUG] - [dramatiq.worker.ConsumerThread(default):248]  - Running consumer thread...
[2026-03-14 12:57:32] - [DEBUG] - [dramatiq.worker._WorkerMiddleware:227]  - Adding consumer for delay queue 'default.DQ'.
[2026-03-14 12:57:32] - [DEBUG] - [dramatiq.worker.ConsumerThread(default.DQ):248]  - Running consumer thread...
[2026-03-14 12:57:32] - [DEBUG] - [dramatiq.worker.WorkerThread:449]  - Running worker thread...
[2026-03-14 12:57:32] - [DEBUG] - [dramatiq.worker.WorkerThread:449]  - Running worker thread...
[2026-03-14 12:57:32] - [DEBUG] - [dramatiq.worker.WorkerThread:449]  - Running worker thread...
[2026-03-14 12:57:32] - [DEBUG] - [dramatiq.worker.WorkerThread:449]  - Running worker thread...
[2026-03-14 12:57:32] - [INFO] - [dramatiq.WorkerProcess(3):423]  - Worker process is ready for action.
[2026-03-14 12:57:32] - [DEBUG] - [dramatiq.WorkerProcess(4):396]  - Loading modules...
[2026-03-14 12:57:32] - [DEBUG] - [dramatiq.WorkerProcess(4):408]  - Starting worker threads...
[2026-03-14 12:57:32] - [DEBUG] - [dramatiq.worker._WorkerMiddleware:223]  - Adding consumer for queue 'default'.
[2026-03-14 12:57:32] - [DEBUG] - [dramatiq.worker.ConsumerThread(default):248]  - Running consumer thread...
[2026-03-14 12:57:32] - [DEBUG] - [dramatiq.worker._WorkerMiddleware:227]  - Adding consumer for delay queue 'default.DQ'.
[2026-03-14 12:57:32] - [DEBUG] - [dramatiq.worker.ConsumerThread(default.DQ):248]  - Running consumer thread...
[2026-03-14 12:57:32] - [DEBUG] - [dramatiq.worker.WorkerThread:449]  - Running worker thread...
[2026-03-14 12:57:32] - [DEBUG] - [dramatiq.worker.WorkerThread:449]  - Running worker thread...
[2026-03-14 12:57:32] - [DEBUG] - [dramatiq.worker.WorkerThread:449]  - Running worker thread...
[2026-03-14 12:57:32] - [DEBUG] - [dramatiq.worker.WorkerThread:449]  - Running worker thread...
[2026-03-14 12:57:32] - [INFO] - [dramatiq.WorkerProcess(4):423]  - Worker process is ready for action.
[2026-03-14 12:57:32] - [DEBUG] - [dramatiq.WorkerProcess(5):396]  - Loading modules...
[2026-03-14 12:57:32] - [DEBUG] - [dramatiq.WorkerProcess(5):408]  - Starting worker threads...
[2026-03-14 12:57:32] - [DEBUG] - [dramatiq.worker._WorkerMiddleware:223]  - Adding consumer for queue 'default'.
[2026-03-14 12:57:32] - [DEBUG] - [dramatiq.worker.ConsumerThread(default):248]  - Running consumer thread...
[2026-03-14 12:57:32] - [DEBUG] - [dramatiq.worker._WorkerMiddleware:227]  - Adding consumer for delay queue 'default.DQ'.
[2026-03-14 12:57:32] - [DEBUG] - [dramatiq.worker.ConsumerThread(default.DQ):248]  - Running consumer thread...
[2026-03-14 12:57:32] - [DEBUG] - [dramatiq.worker.WorkerThread:449]  - Running worker thread...
[2026-03-14 12:57:32] - [DEBUG] - [dramatiq.worker.WorkerThread:449]  - Running worker thread...
[2026-03-14 12:57:32] - [DEBUG] - [dramatiq.worker.WorkerThread:449]  - Running worker thread...
[2026-03-14 12:57:32] - [DEBUG] - [dramatiq.worker.WorkerThread:449]  - Running worker thread...
[2026-03-14 12:57:32] - [INFO] - [dramatiq.WorkerProcess(5):423]  - Worker process is ready for action.
[2026-03-14 12:57:31] - [DEBUG] - [dramatiq.WorkerProcess(6):396]  - Loading modules...
[2026-03-14 12:57:31] - [DEBUG] - [dramatiq.WorkerProcess(6):408]  - Starting worker threads...
[2026-03-14 12:57:31] - [DEBUG] - [dramatiq.worker._WorkerMiddleware:223]  - Adding consumer for queue 'default'.
[2026-03-14 12:57:31] - [DEBUG] - [dramatiq.worker.ConsumerThread(default):248]  - Running consumer thread...
[2026-03-14 12:57:31] - [DEBUG] - [dramatiq.worker._WorkerMiddleware:227]  - Adding consumer for delay queue 'default.DQ'.
[2026-03-14 12:57:31] - [DEBUG] - [dramatiq.worker.ConsumerThread(default.DQ):248]  - Running consumer thread...
[2026-03-14 12:57:31] - [DEBUG] - [dramatiq.worker.WorkerThread:449]  - Running worker thread...
[2026-03-14 12:57:32] - [DEBUG] - [dramatiq.worker.WorkerThread:449]  - Running worker thread...
[2026-03-14 12:57:32] - [DEBUG] - [dramatiq.worker.WorkerThread:449]  - Running worker thread...
[2026-03-14 12:57:32] - [DEBUG] - [dramatiq.worker.WorkerThread:449]  - Running worker thread...
[2026-03-14 12:57:32] - [INFO] - [dramatiq.WorkerProcess(6):423]  - Worker process is ready for action.
[2026-03-14 12:57:32] - [DEBUG] - [dramatiq.WorkerProcess(7):396]  - Loading modules...
[2026-03-14 12:57:32] - [DEBUG] - [dramatiq.WorkerProcess(7):408]  - Starting worker threads...
[2026-03-14 12:57:32] - [DEBUG] - [dramatiq.worker._WorkerMiddleware:223]  - Adding consumer for queue 'default'.
[2026-03-14 12:57:32] - [DEBUG] - [dramatiq.worker.ConsumerThread(default):248]  - Running consumer thread...
[2026-03-14 12:57:32] - [DEBUG] - [dramatiq.worker._WorkerMiddleware:227]  - Adding consumer for delay queue 'default.DQ'.
[2026-03-14 12:57:32] - [DEBUG] - [dramatiq.worker.ConsumerThread(default.DQ):248]  - Running consumer thread...
[2026-03-14 12:57:32] - [DEBUG] - [dramatiq.worker.WorkerThread:449]  - Running worker thread...
[2026-03-14 12:57:32] - [DEBUG] - [dramatiq.worker.WorkerThread:449]  - Running worker thread...
[2026-03-14 12:57:32] - [DEBUG] - [dramatiq.worker.WorkerThread:449]  - Running worker thread...
[2026-03-14 12:57:32] - [DEBUG] - [dramatiq.worker.WorkerThread:449]  - Running worker thread...
[2026-03-14 12:57:32] - [INFO] - [dramatiq.WorkerProcess(7):423]  - Worker process is ready for action.
[2026-03-14 12:57:32] - [DEBUG] - [dramatiq.WorkerProcess(8):396]  - Loading modules...
[2026-03-14 12:57:32] - [DEBUG] - [dramatiq.WorkerProcess(8):408]  - Starting worker threads...
[2026-03-14 12:57:32] - [DEBUG] - [dramatiq.worker._WorkerMiddleware:223]  - Adding consumer for queue 'default'.
[2026-03-14 12:57:32] - [DEBUG] - [dramatiq.worker.ConsumerThread(default):248]  - Running consumer thread...
[2026-03-14 12:57:32] - [DEBUG] - [dramatiq.worker._WorkerMiddleware:227]  - Adding consumer for delay queue 'default.DQ'.
[2026-03-14 12:57:32] - [DEBUG] - [dramatiq.worker.ConsumerThread(default.DQ):248]  - Running consumer thread...
[2026-03-14 12:57:32] - [DEBUG] - [dramatiq.worker.WorkerThread:449]  - Running worker thread...
[2026-03-14 12:57:32] - [DEBUG] - [dramatiq.worker.WorkerThread:449]  - Running worker thread...
[2026-03-14 12:57:32] - [DEBUG] - [dramatiq.worker.WorkerThread:449]  - Running worker thread...
[2026-03-14 12:57:32] - [DEBUG] - [dramatiq.worker.WorkerThread:449]  - Running worker thread...
[2026-03-14 12:57:32] - [INFO] - [dramatiq.WorkerProcess(8):423]  - Worker process is ready for action.
[2026-03-14 12:57:32] - [DEBUG] - [dramatiq.WorkerProcess(9):396]  - Loading modules...
[2026-03-14 12:57:32] - [DEBUG] - [dramatiq.WorkerProcess(9):408]  - Starting worker threads...
[2026-03-14 12:57:32] - [DEBUG] - [dramatiq.worker._WorkerMiddleware:223]  - Adding consumer for queue 'default'.
[2026-03-14 12:57:32] - [DEBUG] - [dramatiq.worker.ConsumerThread(default):248]  - Running consumer thread...
[2026-03-14 12:57:32] - [DEBUG] - [dramatiq.worker._WorkerMiddleware:227]  - Adding consumer for delay queue 'default.DQ'.
[2026-03-14 12:57:32] - [DEBUG] - [dramatiq.worker.ConsumerThread(default.DQ):248]  - Running consumer thread...
[2026-03-14 12:57:32] - [DEBUG] - [dramatiq.worker.WorkerThread:449]  - Running worker thread...
[2026-03-14 12:57:32] - [DEBUG] - [dramatiq.worker.WorkerThread:449]  - Running worker thread...
[2026-03-14 12:57:32] - [DEBUG] - [dramatiq.worker.WorkerThread:449]  - Running worker thread...
[2026-03-14 12:57:32] - [DEBUG] - [dramatiq.worker.WorkerThread:449]  - Running worker thread...
[2026-03-14 12:57:32] - [INFO] - [dramatiq.WorkerProcess(9):423]  - Worker process is ready for action.
[2026-03-14 12:57:31] - [DEBUG] - [dramatiq.WorkerProcess(10):396]  - Loading modules...
[2026-03-14 12:57:31] - [DEBUG] - [dramatiq.WorkerProcess(10):408]  - Starting worker threads...
[2026-03-14 12:57:31] - [DEBUG] - [dramatiq.worker._WorkerMiddleware:223]  - Adding consumer for queue 'default'.
[2026-03-14 12:57:31] - [DEBUG] - [dramatiq.worker.ConsumerThread(default):248]  - Running consumer thread...
[2026-03-14 12:57:31] - [DEBUG] - [dramatiq.worker._WorkerMiddleware:227]  - Adding consumer for delay queue 'default.DQ'.
[2026-03-14 12:57:31] - [DEBUG] - [dramatiq.worker.ConsumerThread(default.DQ):248]  - Running consumer thread...
[2026-03-14 12:57:31] - [DEBUG] - [dramatiq.worker.WorkerThread:449]  - Running worker thread...
[2026-03-14 12:57:31] - [DEBUG] - [dramatiq.worker.WorkerThread:449]  - Running worker thread...
[2026-03-14 12:57:31] - [DEBUG] - [dramatiq.worker.WorkerThread:449]  - Running worker thread...
[2026-03-14 12:57:31] - [DEBUG] - [dramatiq.worker.WorkerThread:449]  - Running worker thread...
[2026-03-14 12:57:31] - [INFO] - [dramatiq.WorkerProcess(10):423]  - Worker process is ready for action.
[2026-03-14 12:57:33] - [DEBUG] - [dramatiq.WorkerProcess(11):396]  - Loading modules...
[2026-03-14 12:57:33] - [DEBUG] - [dramatiq.WorkerProcess(11):408]  - Starting worker threads...
[2026-03-14 12:57:33] - [DEBUG] - [dramatiq.worker._WorkerMiddleware:223]  - Adding consumer for queue 'default'.
[2026-03-14 12:57:33] - [DEBUG] - [dramatiq.worker.ConsumerThread(default):248]  - Running consumer thread...
[2026-03-14 12:57:33] - [DEBUG] - [dramatiq.worker._WorkerMiddleware:227]  - Adding consumer for delay queue 'default.DQ'.
[2026-03-14 12:57:33] - [DEBUG] - [dramatiq.worker.ConsumerThread(default.DQ):248]  - Running consumer thread...
[2026-03-14 12:57:33] - [DEBUG] - [dramatiq.worker.WorkerThread:449]  - Running worker thread...
[2026-03-14 12:57:33] - [DEBUG] - [dramatiq.worker.WorkerThread:449]  - Running worker thread...
[2026-03-14 12:57:33] - [DEBUG] - [dramatiq.worker.WorkerThread:449]  - Running worker thread...
[2026-03-14 12:57:33] - [DEBUG] - [dramatiq.worker.WorkerThread:449]  - Running worker thread...
[2026-03-14 12:57:33] - [INFO] - [dramatiq.WorkerProcess(11):423]  - Worker process is ready for action.
[2026-03-14 12:57:31] - [DEBUG] - [dramatiq.WorkerProcess(12):396]  - Loading modules...
[2026-03-14 12:57:31] - [DEBUG] - [dramatiq.WorkerProcess(12):408]  - Starting worker threads...
[2026-03-14 12:57:31] - [DEBUG] - [dramatiq.worker._WorkerMiddleware:223]  - Adding consumer for queue 'default'.
[2026-03-14 12:57:31] - [DEBUG] - [dramatiq.worker.ConsumerThread(default):248]  - Running consumer thread...
[2026-03-14 12:57:31] - [DEBUG] - [dramatiq.worker._WorkerMiddleware:227]  - Adding consumer for delay queue 'default.DQ'.
[2026-03-14 12:57:31] - [DEBUG] - [dramatiq.worker.ConsumerThread(default.DQ):248]  - Running consumer thread...
[2026-03-14 12:57:31] - [DEBUG] - [dramatiq.worker.WorkerThread:449]  - Running worker thread...
[2026-03-14 12:57:31] - [DEBUG] - [dramatiq.worker.WorkerThread:449]  - Running worker thread...
[2026-03-14 12:57:31] - [DEBUG] - [dramatiq.worker.WorkerThread:449]  - Running worker thread...
[2026-03-14 12:57:31] - [DEBUG] - [dramatiq.worker.WorkerThread:449]  - Running worker thread...
[2026-03-14 12:57:31] - [INFO] - [dramatiq.WorkerProcess(12):423]  - Worker process is ready for action.
[2026-03-14 12:57:32] - [DEBUG] - [dramatiq.WorkerProcess(13):396]  - Loading modules...
[2026-03-14 12:57:32] - [DEBUG] - [dramatiq.WorkerProcess(13):408]  - Starting worker threads...
[2026-03-14 12:57:32] - [DEBUG] - [dramatiq.worker._WorkerMiddleware:223]  - Adding consumer for queue 'default'.
[2026-03-14 12:57:32] - [DEBUG] - [dramatiq.worker.ConsumerThread(default):248]  - Running consumer thread...
[2026-03-14 12:57:32] - [DEBUG] - [dramatiq.worker._WorkerMiddleware:227]  - Adding consumer for delay queue 'default.DQ'.
[2026-03-14 12:57:32] - [DEBUG] - [dramatiq.worker.ConsumerThread(default.DQ):248]  - Running consumer thread...
[2026-03-14 12:57:32] - [DEBUG] - [dramatiq.worker.WorkerThread:449]  - Running worker thread...
[2026-03-14 12:57:32] - [DEBUG] - [dramatiq.worker.WorkerThread:449]  - Running worker thread...
[2026-03-14 12:57:32] - [DEBUG] - [dramatiq.worker.WorkerThread:449]  - Running worker thread...
[2026-03-14 12:57:32] - [DEBUG] - [dramatiq.worker.WorkerThread:449]  - Running worker thread...
[2026-03-14 12:57:32] - [INFO] - [dramatiq.WorkerProcess(13):423]  - Worker process is ready for action.
[2026-03-14 12:57:32] - [DEBUG] - [dramatiq.WorkerProcess(14):396]  - Loading modules...
[2026-03-14 12:57:32] - [DEBUG] - [dramatiq.WorkerProcess(14):408]  - Starting worker threads...
[2026-03-14 12:57:32] - [DEBUG] - [dramatiq.worker._WorkerMiddleware:223]  - Adding consumer for queue 'default'.
[2026-03-14 12:57:32] - [DEBUG] - [dramatiq.worker.ConsumerThread(default):248]  - Running consumer thread...
[2026-03-14 12:57:32] - [DEBUG] - [dramatiq.worker._WorkerMiddleware:227]  - Adding consumer for delay queue 'default.DQ'.
[2026-03-14 12:57:32] - [DEBUG] - [dramatiq.worker.ConsumerThread(default.DQ):248]  - Running consumer thread...
[2026-03-14 12:57:32] - [DEBUG] - [dramatiq.worker.WorkerThread:449]  - Running worker thread...
[2026-03-14 12:57:32] - [DEBUG] - [dramatiq.worker.WorkerThread:449]  - Running worker thread...
[2026-03-14 12:57:32] - [DEBUG] - [dramatiq.worker.WorkerThread:449]  - Running worker thread...
[2026-03-14 12:57:32] - [DEBUG] - [dramatiq.worker.WorkerThread:449]  - Running worker thread...
[2026-03-14 12:57:32] - [INFO] - [dramatiq.WorkerProcess(14):423]  - Worker process is ready for action.
[2026-03-14 12:57:32] - [DEBUG] - [dramatiq.WorkerProcess(15):396]  - Loading modules...
[2026-03-14 12:57:32] - [DEBUG] - [dramatiq.WorkerProcess(15):408]  - Starting worker threads...
[2026-03-14 12:57:32] - [DEBUG] - [dramatiq.worker._WorkerMiddleware:223]  - Adding consumer for queue 'default'.
[2026-03-14 12:57:32] - [DEBUG] - [dramatiq.worker.ConsumerThread(default):248]  - Running consumer thread...
[2026-03-14 12:57:32] - [DEBUG] - [dramatiq.worker._WorkerMiddleware:227]  - Adding consumer for delay queue 'default.DQ'.
[2026-03-14 12:57:32] - [DEBUG] - [dramatiq.worker.ConsumerThread(default.DQ):248]  - Running consumer thread...
[2026-03-14 12:57:32] - [DEBUG] - [dramatiq.worker.WorkerThread:449]  - Running worker thread...
[2026-03-14 12:57:32] - [DEBUG] - [dramatiq.worker.WorkerThread:449]  - Running worker thread...
[2026-03-14 12:57:32] - [DEBUG] - [dramatiq.worker.WorkerThread:449]  - Running worker thread...
[2026-03-14 12:57:32] - [DEBUG] - [dramatiq.worker.WorkerThread:449]  - Running worker thread...
[2026-03-14 12:57:32] - [INFO] - [dramatiq.WorkerProcess(15):423]  - Worker process is ready for action.
[2026-03-14 17:54:19,529] [PID 138] [MainThread] [dramatiq.MainProcess] [INFO] Sending signal 15 to subprocesses...
[2026-03-14 17:54:19] - [INFO] - [dramatiq.WorkerProcess(0):369]  - Stopping worker process...
[2026-03-14 17:54:19] - [INFO] - [dramatiq.WorkerProcess(1):369]  - Stopping worker process...
[2026-03-14 17:54:19] - [INFO] - [dramatiq.WorkerProcess(2):369]  - Stopping worker process...
[2026-03-14 17:54:19] - [INFO] - [dramatiq.WorkerProcess(5):369]  - Stopping worker process...
[2026-03-14 17:54:19] - [INFO] - [dramatiq.WorkerProcess(14):369]  - Stopping worker process...
[2026-03-14 17:54:19] - [INFO] - [dramatiq.WorkerProcess(7):369]  - Stopping worker process...
[2026-03-14 17:54:19] - [INFO] - [dramatiq.WorkerProcess(8):369]  - Stopping worker process...
[2026-03-14 17:54:19] - [INFO] - [dramatiq.WorkerProcess(3):369]  - Stopping worker process...
[2026-03-14 17:54:19] - [INFO] - [dramatiq.WorkerProcess(6):369]  - Stopping worker process...
[2026-03-14 17:54:19] - [INFO] - [dramatiq.WorkerProcess(9):369]  - Stopping worker process...
[2026-03-14 17:54:19] - [INFO] - [dramatiq.WorkerProcess(10):369]  - Stopping worker process...
[2026-03-14 17:54:19] - [INFO] - [dramatiq.WorkerProcess(11):369]  - Stopping worker process...
[2026-03-14 17:54:19] - [INFO] - [dramatiq.WorkerProcess(12):369]  - Stopping worker process...
[2026-03-14 17:54:19] - [INFO] - [dramatiq.WorkerProcess(13):369]  - Stopping worker process...
[2026-03-14 17:54:19] - [INFO] - [dramatiq.WorkerProcess(4):369]  - Stopping worker process...
[2026-03-14 17:54:19] - [INFO] - [dramatiq.WorkerProcess(15):369]  - Stopping worker process...
[2026-03-14 17:54:19] - [INFO] - [dramatiq.worker.Worker:128]  - Shutting down...
[2026-03-14 17:54:19] - [DEBUG] - [dramatiq.worker.Worker:133]  - Stopping workers...
[2026-03-14 17:54:19] - [DEBUG] - [dramatiq.worker.WorkerThread:548]  - Stopping worker thread...
[2026-03-14 17:54:19] - [DEBUG] - [dramatiq.worker.WorkerThread:548]  - Stopping worker thread...
[2026-03-14 17:54:19] - [DEBUG] - [dramatiq.worker.WorkerThread:548]  - Stopping worker thread...
[2026-03-14 17:54:19] - [DEBUG] - [dramatiq.worker.WorkerThread:548]  - Stopping worker thread...
[2026-03-14 17:54:19] - [DEBUG] - [dramatiq.worker.WorkerThread:465]  - Worker thread stopped.
[2026-03-14 17:54:19] - [DEBUG] - [dramatiq.worker.WorkerThread:465]  - Worker thread stopped.
[2026-03-14 17:54:19] - [INFO] - [dramatiq.worker.Worker:128]  - Shutting down...
[2026-03-14 17:54:19] - [DEBUG] - [dramatiq.worker.Worker:133]  - Stopping workers...
[2026-03-14 17:54:19] - [DEBUG] - [dramatiq.worker.WorkerThread:548]  - Stopping worker thread...
[2026-03-14 17:54:19] - [DEBUG] - [dramatiq.worker.WorkerThread:548]  - Stopping worker thread...
[2026-03-14 17:54:19] - [DEBUG] - [dramatiq.worker.WorkerThread:548]  - Stopping worker thread...
[2026-03-14 17:54:19] - [DEBUG] - [dramatiq.worker.WorkerThread:548]  - Stopping worker thread...
[2026-03-14 17:54:19] - [INFO] - [dramatiq.worker.Worker:128]  - Shutting down...
[2026-03-14 17:54:19] - [DEBUG] - [dramatiq.worker.Worker:133]  - Stopping workers...
[2026-03-14 17:54:19] - [DEBUG] - [dramatiq.worker.WorkerThread:548]  - Stopping worker thread...
[2026-03-14 17:54:19] - [DEBUG] - [dramatiq.worker.WorkerThread:548]  - Stopping worker thread...
[2026-03-14 17:54:19] - [DEBUG] - [dramatiq.worker.WorkerThread:548]  - Stopping worker thread...
[2026-03-14 17:54:19] - [DEBUG] - [dramatiq.worker.WorkerThread:548]  - Stopping worker thread...
[2026-03-14 17:54:19] - [INFO] - [dramatiq.worker.Worker:128]  - Shutting down...
[2026-03-14 17:54:19] - [DEBUG] - [dramatiq.worker.Worker:133]  - Stopping workers...
[2026-03-14 17:54:19] - [DEBUG] - [dramatiq.worker.WorkerThread:548]  - Stopping worker thread...
[2026-03-14 17:54:19] - [DEBUG] - [dramatiq.worker.WorkerThread:548]  - Stopping worker thread...
[2026-03-14 17:54:19] - [DEBUG] - [dramatiq.worker.WorkerThread:548]  - Stopping worker thread...
[2026-03-14 17:54:19] - [DEBUG] - [dramatiq.worker.WorkerThread:548]  - Stopping worker thread...
[2026-03-14 17:54:19] - [INFO] - [dramatiq.worker.Worker:128]  - Shutting down...
[2026-03-14 17:54:19] - [DEBUG] - [dramatiq.worker.Worker:133]  - Stopping workers...
[2026-03-14 17:54:19] - [DEBUG] - [dramatiq.worker.WorkerThread:548]  - Stopping worker thread...
[2026-03-14 17:54:19] - [DEBUG] - [dramatiq.worker.WorkerThread:548]  - Stopping worker thread...
[2026-03-14 17:54:19] - [DEBUG] - [dramatiq.worker.WorkerThread:548]  - Stopping worker thread...
[2026-03-14 17:54:19] - [DEBUG] - [dramatiq.worker.WorkerThread:548]  - Stopping worker thread...
[2026-03-14 17:54:19] - [INFO] - [dramatiq.worker.Worker:128]  - Shutting down...
[2026-03-14 17:54:19] - [DEBUG] - [dramatiq.worker.Worker:133]  - Stopping workers...
[2026-03-14 17:54:19] - [DEBUG] - [dramatiq.worker.WorkerThread:548]  - Stopping worker thread...
[2026-03-14 17:54:19] - [DEBUG] - [dramatiq.worker.WorkerThread:548]  - Stopping worker thread...
[2026-03-14 17:54:19] - [DEBUG] - [dramatiq.worker.WorkerThread:548]  - Stopping worker thread...
[2026-03-14 17:54:19] - [DEBUG] - [dramatiq.worker.WorkerThread:548]  - Stopping worker thread...
[2026-03-14 17:54:20] - [DEBUG] - [dramatiq.worker.WorkerThread:465]  - Worker thread stopped.
[2026-03-14 17:54:20] - [INFO] - [dramatiq.worker.Worker:128]  - Shutting down...
[2026-03-14 17:54:20] - [DEBUG] - [dramatiq.worker.Worker:133]  - Stopping workers...
[2026-03-14 17:54:20] - [INFO] - [dramatiq.worker.Worker:128]  - Shutting down...
[2026-03-14 17:54:20] - [DEBUG] - [dramatiq.worker.WorkerThread:548]  - Stopping worker thread...
[2026-03-14 17:54:20] - [DEBUG] - [dramatiq.worker.WorkerThread:548]  - Stopping worker thread...
[2026-03-14 17:54:20] - [DEBUG] - [dramatiq.worker.WorkerThread:548]  - Stopping worker thread...
[2026-03-14 17:54:20] - [DEBUG] - [dramatiq.worker.WorkerThread:548]  - Stopping worker thread...
[2026-03-14 17:54:20] - [DEBUG] - [dramatiq.worker.Worker:133]  - Stopping workers...
[2026-03-14 17:54:20] - [DEBUG] - [dramatiq.worker.WorkerThread:548]  - Stopping worker thread...
[2026-03-14 17:54:20] - [DEBUG] - [dramatiq.worker.WorkerThread:548]  - Stopping worker thread...
[2026-03-14 17:54:20] - [DEBUG] - [dramatiq.worker.WorkerThread:548]  - Stopping worker thread...
[2026-03-14 17:54:20] - [DEBUG] - [dramatiq.worker.WorkerThread:548]  - Stopping worker thread...
[2026-03-14 17:54:20] - [DEBUG] - [dramatiq.worker.WorkerThread:465]  - Worker thread stopped.
[2026-03-14 17:54:20] - [DEBUG] - [dramatiq.worker.Worker:138]  - Workers stopped.
[2026-03-14 17:54:20] - [DEBUG] - [dramatiq.worker.Worker:139]  - Stopping consumers...
[2026-03-14 17:54:20] - [DEBUG] - [dramatiq.worker.ConsumerThread(default):411]  - Stopping consumer thread...
[2026-03-14 17:54:20] - [DEBUG] - [dramatiq.worker.ConsumerThread(default.DQ):411]  - Stopping consumer thread...
[2026-03-14 17:54:20] - [INFO] - [dramatiq.worker.Worker:128]  - Shutting down...
[2026-03-14 17:54:20] - [DEBUG] - [dramatiq.worker.Worker:133]  - Stopping workers...
[2026-03-14 17:54:20] - [DEBUG] - [dramatiq.worker.WorkerThread:548]  - Stopping worker thread...
[2026-03-14 17:54:20] - [DEBUG] - [dramatiq.worker.WorkerThread:548]  - Stopping worker thread...
[2026-03-14 17:54:20] - [DEBUG] - [dramatiq.worker.WorkerThread:548]  - Stopping worker thread...
[2026-03-14 17:54:20] - [DEBUG] - [dramatiq.worker.WorkerThread:548]  - Stopping worker thread...
[2026-03-14 17:54:20] - [DEBUG] - [dramatiq.worker.WorkerThread:465]  - Worker thread stopped.
[2026-03-14 17:54:20] - [INFO] - [dramatiq.worker.Worker:128]  - Shutting down...
[2026-03-14 17:54:20] - [DEBUG] - [dramatiq.worker.Worker:133]  - Stopping workers...
[2026-03-14 17:54:20] - [DEBUG] - [dramatiq.worker.WorkerThread:548]  - Stopping worker thread...
[2026-03-14 17:54:20] - [DEBUG] - [dramatiq.worker.WorkerThread:548]  - Stopping worker thread...
[2026-03-14 17:54:20] - [DEBUG] - [dramatiq.worker.WorkerThread:548]  - Stopping worker thread...
[2026-03-14 17:54:20] - [DEBUG] - [dramatiq.worker.WorkerThread:548]  - Stopping worker thread...
[2026-03-14 17:54:20] - [DEBUG] - [dramatiq.worker.WorkerThread:465]  - Worker thread stopped.
[2026-03-14 17:54:20] - [DEBUG] - [dramatiq.worker.WorkerThread:465]  - Worker thread stopped.
[2026-03-14 17:54:20] - [DEBUG] - [dramatiq.worker.WorkerThread:465]  - Worker thread stopped.
[2026-03-14 17:54:20] - [DEBUG] - [dramatiq.worker.WorkerThread:465]  - Worker thread stopped.
[2026-03-14 17:54:20] - [DEBUG] - [dramatiq.worker.WorkerThread:465]  - Worker thread stopped.
[2026-03-14 17:54:20] - [DEBUG] - [dramatiq.worker.WorkerThread:465]  - Worker thread stopped.
[2026-03-14 17:54:20] - [DEBUG] - [dramatiq.worker.WorkerThread:465]  - Worker thread stopped.
[2026-03-14 17:54:20] - [DEBUG] - [dramatiq.worker.WorkerThread:465]  - Worker thread stopped.
[2026-03-14 17:54:20] - [DEBUG] - [dramatiq.worker.WorkerThread:465]  - Worker thread stopped.
[2026-03-14 17:54:20] - [DEBUG] - [dramatiq.worker.WorkerThread:465]  - Worker thread stopped.
[2026-03-14 17:54:20] - [INFO] - [dramatiq.worker.Worker:128]  - Shutting down...
[2026-03-14 17:54:20] - [DEBUG] - [dramatiq.worker.WorkerThread:465]  - Worker thread stopped.
[2026-03-14 17:54:20] - [DEBUG] - [dramatiq.worker.WorkerThread:465]  - Worker thread stopped.
[2026-03-14 17:54:20] - [DEBUG] - [dramatiq.worker.Worker:133]  - Stopping workers...
[2026-03-14 17:54:20] - [DEBUG] - [dramatiq.worker.WorkerThread:465]  - Worker thread stopped.
[2026-03-14 17:54:20] - [DEBUG] - [dramatiq.worker.Worker:138]  - Workers stopped.
[2026-03-14 17:54:20] - [DEBUG] - [dramatiq.worker.WorkerThread:548]  - Stopping worker thread...
[2026-03-14 17:54:20] - [DEBUG] - [dramatiq.worker.WorkerThread:548]  - Stopping worker thread...
[2026-03-14 17:54:20] - [DEBUG] - [dramatiq.worker.Worker:139]  - Stopping consumers...
[2026-03-14 17:54:20] - [DEBUG] - [dramatiq.worker.WorkerThread:548]  - Stopping worker thread...
[2026-03-14 17:54:20] - [DEBUG] - [dramatiq.worker.WorkerThread:548]  - Stopping worker thread...
[2026-03-14 17:54:20] - [DEBUG] - [dramatiq.worker.ConsumerThread(default):411]  - Stopping consumer thread...
[2026-03-14 17:54:20] - [DEBUG] - [dramatiq.worker.ConsumerThread(default.DQ):411]  - Stopping consumer thread...
[2026-03-14 17:54:20] - [INFO] - [dramatiq.worker.Worker:128]  - Shutting down...
[2026-03-14 17:54:20] - [DEBUG] - [dramatiq.worker.Worker:133]  - Stopping workers...
[2026-03-14 17:54:20] - [DEBUG] - [dramatiq.worker.WorkerThread:548]  - Stopping worker thread...
[2026-03-14 17:54:20] - [DEBUG] - [dramatiq.worker.WorkerThread:548]  - Stopping worker thread...
[2026-03-14 17:54:20] - [DEBUG] - [dramatiq.worker.WorkerThread:548]  - Stopping worker thread...
[2026-03-14 17:54:20] - [DEBUG] - [dramatiq.worker.ConsumerThread(default):294]  - Consumer thread stopped.
[2026-03-14 17:54:20] - [DEBUG] - [dramatiq.worker.WorkerThread:548]  - Stopping worker thread...
[2026-03-14 17:54:20] - [DEBUG] - [dramatiq.worker.WorkerThread:465]  - Worker thread stopped.
[2026-03-14 17:54:20] - [DEBUG] - [dramatiq.worker.Worker:138]  - Workers stopped.
[2026-03-14 17:54:20] - [DEBUG] - [dramatiq.worker.Worker:139]  - Stopping consumers...
[2026-03-14 17:54:20] - [DEBUG] - [dramatiq.worker.ConsumerThread(default):411]  - Stopping consumer thread...
[2026-03-14 17:54:20] - [DEBUG] - [dramatiq.worker.ConsumerThread(default.DQ):411]  - Stopping consumer thread...
[2026-03-14 17:54:20] - [INFO] - [dramatiq.worker.Worker:128]  - Shutting down...
[2026-03-14 17:54:20] - [DEBUG] - [dramatiq.worker.Worker:133]  - Stopping workers...
[2026-03-14 17:54:20] - [DEBUG] - [dramatiq.worker.WorkerThread:548]  - Stopping worker thread...
[2026-03-14 17:54:20] - [DEBUG] - [dramatiq.worker.WorkerThread:548]  - Stopping worker thread...
[2026-03-14 17:54:20] - [DEBUG] - [dramatiq.worker.WorkerThread:548]  - Stopping worker thread...
[2026-03-14 17:54:20] - [DEBUG] - [dramatiq.worker.WorkerThread:548]  - Stopping worker thread...
[2026-03-14 17:54:20] - [INFO] - [dramatiq.worker.Worker:128]  - Shutting down...
[2026-03-14 17:54:20] - [DEBUG] - [dramatiq.worker.Worker:133]  - Stopping workers...
[2026-03-14 17:54:20] - [DEBUG] - [dramatiq.worker.WorkerThread:548]  - Stopping worker thread...
[2026-03-14 17:54:20] - [DEBUG] - [dramatiq.worker.WorkerThread:548]  - Stopping worker thread...
[2026-03-14 17:54:20] - [DEBUG] - [dramatiq.worker.WorkerThread:548]  - Stopping worker thread...
[2026-03-14 17:54:20] - [DEBUG] - [dramatiq.worker.WorkerThread:548]  - Stopping worker thread...
[2026-03-14 17:54:20] - [DEBUG] - [dramatiq.worker.WorkerThread:465]  - Worker thread stopped.
[2026-03-14 17:54:20] - [DEBUG] - [dramatiq.worker.WorkerThread:465]  - Worker thread stopped.
[2026-03-14 17:54:20] - [DEBUG] - [dramatiq.worker.WorkerThread:465]  - Worker thread stopped.
[2026-03-14 17:54:20] - [DEBUG] - [dramatiq.worker.WorkerThread:465]  - Worker thread stopped.
[2026-03-14 17:54:20] - [INFO] - [dramatiq.worker.Worker:128]  - Shutting down...
[2026-03-14 17:54:20] - [DEBUG] - [dramatiq.worker.WorkerThread:465]  - Worker thread stopped.
[2026-03-14 17:54:20] - [DEBUG] - [dramatiq.worker.Worker:138]  - Workers stopped.
[2026-03-14 17:54:20] - [DEBUG] - [dramatiq.worker.Worker:133]  - Stopping workers...
[2026-03-14 17:54:20] - [DEBUG] - [dramatiq.worker.Worker:139]  - Stopping consumers...
[2026-03-14 17:54:20] - [DEBUG] - [dramatiq.worker.WorkerThread:465]  - Worker thread stopped.
[2026-03-14 17:54:20] - [DEBUG] - [dramatiq.worker.WorkerThread:465]  - Worker thread stopped.
[2026-03-14 17:54:20] - [DEBUG] - [dramatiq.worker.WorkerThread:465]  - Worker thread stopped.
[2026-03-14 17:54:20] - [DEBUG] - [dramatiq.worker.ConsumerThread(default):411]  - Stopping consumer thread...
[2026-03-14 17:54:20] - [DEBUG] - [dramatiq.worker.ConsumerThread(default.DQ):411]  - Stopping consumer thread...
[2026-03-14 17:54:20] - [DEBUG] - [dramatiq.worker.WorkerThread:465]  - Worker thread stopped.
[2026-03-14 17:54:20] - [DEBUG] - [dramatiq.worker.WorkerThread:465]  - Worker thread stopped.
[2026-03-14 17:54:20] - [DEBUG] - [dramatiq.worker.WorkerThread:548]  - Stopping worker thread...
[2026-03-14 17:54:20] - [DEBUG] - [dramatiq.worker.WorkerThread:548]  - Stopping worker thread...
[2026-03-14 17:54:20] - [DEBUG] - [dramatiq.worker.WorkerThread:548]  - Stopping worker thread...
[2026-03-14 17:54:20] - [DEBUG] - [dramatiq.worker.WorkerThread:548]  - Stopping worker thread...
[2026-03-14 17:54:20] - [DEBUG] - [dramatiq.worker.WorkerThread:465]  - Worker thread stopped.
[2026-03-14 17:54:20] - [DEBUG] - [dramatiq.worker.WorkerThread:465]  - Worker thread stopped.
[2026-03-14 17:54:20] - [DEBUG] - [dramatiq.worker.WorkerThread:465]  - Worker thread stopped.
[2026-03-14 17:54:20] - [DEBUG] - [dramatiq.worker.WorkerThread:465]  - Worker thread stopped.
[2026-03-14 17:54:20] - [DEBUG] - [dramatiq.worker.Worker:138]  - Workers stopped.
[2026-03-14 17:54:20] - [DEBUG] - [dramatiq.worker.Worker:139]  - Stopping consumers...
[2026-03-14 17:54:20] - [DEBUG] - [dramatiq.worker.ConsumerThread(default):411]  - Stopping consumer thread...
[2026-03-14 17:54:20] - [DEBUG] - [dramatiq.worker.ConsumerThread(default.DQ):411]  - Stopping consumer thread...
[2026-03-14 17:54:20] - [DEBUG] - [dramatiq.worker.WorkerThread:465]  - Worker thread stopped.
[2026-03-14 17:54:20] - [DEBUG] - [dramatiq.worker.WorkerThread:465]  - Worker thread stopped.
[2026-03-14 17:54:20] - [DEBUG] - [dramatiq.worker.WorkerThread:465]  - Worker thread stopped.
[2026-03-14 17:54:20] - [DEBUG] - [dramatiq.worker.ConsumerThread(default):294]  - Consumer thread stopped.
[2026-03-14 17:54:20] - [DEBUG] - [dramatiq.worker.WorkerThread:465]  - Worker thread stopped.
[2026-03-14 17:54:20] - [DEBUG] - [dramatiq.worker.WorkerThread:465]  - Worker thread stopped.
[2026-03-14 17:54:20] - [DEBUG] - [dramatiq.worker.Worker:138]  - Workers stopped.
[2026-03-14 17:54:20] - [DEBUG] - [dramatiq.worker.Worker:139]  - Stopping consumers...
[2026-03-14 17:54:20] - [DEBUG] - [dramatiq.worker.WorkerThread:465]  - Worker thread stopped.
[2026-03-14 17:54:20] - [DEBUG] - [dramatiq.worker.Worker:138]  - Workers stopped.
[2026-03-14 17:54:20] - [DEBUG] - [dramatiq.worker.Worker:139]  - Stopping consumers...
[2026-03-14 17:54:20] - [DEBUG] - [dramatiq.worker.ConsumerThread(default):411]  - Stopping consumer thread...
[2026-03-14 17:54:20] - [DEBUG] - [dramatiq.worker.ConsumerThread(default.DQ):411]  - Stopping consumer thread...
[2026-03-14 17:54:20] - [DEBUG] - [dramatiq.worker.ConsumerThread(default):411]  - Stopping consumer thread...
[2026-03-14 17:54:20] - [DEBUG] - [dramatiq.worker.ConsumerThread(default.DQ):411]  - Stopping consumer thread...
[2026-03-14 17:54:20] - [DEBUG] - [dramatiq.worker.WorkerThread:465]  - Worker thread stopped.
[2026-03-14 17:54:20] - [DEBUG] - [dramatiq.worker.Worker:138]  - Workers stopped.
[2026-03-14 17:54:20] - [DEBUG] - [dramatiq.worker.Worker:139]  - Stopping consumers...
[2026-03-14 17:54:20] - [DEBUG] - [dramatiq.worker.ConsumerThread(default):411]  - Stopping consumer thread...
[2026-03-14 17:54:20] - [DEBUG] - [dramatiq.worker.ConsumerThread(default.DQ):411]  - Stopping consumer thread...
[2026-03-14 17:54:20] - [INFO] - [dramatiq.worker.Worker:128]  - Shutting down...
[2026-03-14 17:54:20] - [DEBUG] - [dramatiq.worker.Worker:133]  - Stopping workers...
[2026-03-14 17:54:20] - [DEBUG] - [dramatiq.worker.WorkerThread:465]  - Worker thread stopped.
[2026-03-14 17:54:20] - [DEBUG] - [dramatiq.worker.Worker:138]  - Workers stopped.
[2026-03-14 17:54:20] - [DEBUG] - [dramatiq.worker.Worker:139]  - Stopping consumers...
[2026-03-14 17:54:20] - [DEBUG] - [dramatiq.worker.WorkerThread:548]  - Stopping worker thread...
[2026-03-14 17:54:20] - [DEBUG] - [dramatiq.worker.WorkerThread:548]  - Stopping worker thread...
[2026-03-14 17:54:20] - [DEBUG] - [dramatiq.worker.WorkerThread:548]  - Stopping worker thread...
[2026-03-14 17:54:20] - [DEBUG] - [dramatiq.worker.WorkerThread:548]  - Stopping worker thread...
[2026-03-14 17:54:20] - [DEBUG] - [dramatiq.worker.ConsumerThread(default):411]  - Stopping consumer thread...
[2026-03-14 17:54:20] - [DEBUG] - [dramatiq.worker.ConsumerThread(default.DQ):411]  - Stopping consumer thread...
[2026-03-14 17:54:20] - [DEBUG] - [dramatiq.worker.WorkerThread:465]  - Worker thread stopped.
[2026-03-14 17:54:20] - [DEBUG] - [dramatiq.worker.WorkerThread:465]  - Worker thread stopped.
[2026-03-14 17:54:20] - [DEBUG] - [dramatiq.worker.WorkerThread:465]  - Worker thread stopped.
[2026-03-14 17:54:20] - [DEBUG] - [dramatiq.worker.WorkerThread:465]  - Worker thread stopped.
[2026-03-14 17:54:20] - [DEBUG] - [dramatiq.worker.WorkerThread:465]  - Worker thread stopped.
[2026-03-14 17:54:20] - [DEBUG] - [dramatiq.worker.WorkerThread:465]  - Worker thread stopped.
[2026-03-14 17:54:20] - [DEBUG] - [dramatiq.worker.ConsumerThread(default):294]  - Consumer thread stopped.
[2026-03-14 17:54:20] - [DEBUG] - [dramatiq.worker.WorkerThread:465]  - Worker thread stopped.
[2026-03-14 17:54:20] - [DEBUG] - [dramatiq.worker.WorkerThread:465]  - Worker thread stopped.
[2026-03-14 17:54:20] - [DEBUG] - [dramatiq.worker.ConsumerThread(default.DQ):294]  - Consumer thread stopped.
[2026-03-14 17:54:20] - [DEBUG] - [dramatiq.worker.Worker:144]  - Consumers stopped.
[2026-03-14 17:54:20] - [DEBUG] - [dramatiq.worker.Worker:146]  - Requeueing in-memory messages...
[2026-03-14 17:54:20] - [DEBUG] - [dramatiq.worker.Worker:156]  - Done requeueing in-progress messages.
[2026-03-14 17:54:20] - [DEBUG] - [dramatiq.worker.Worker:158]  - Closing consumers...
[2026-03-14 17:54:20] - [DEBUG] - [dramatiq.worker.WorkerThread:465]  - Worker thread stopped.
[2026-03-14 17:54:20] - [DEBUG] - [dramatiq.worker.Worker:162]  - Consumers closed.
[2026-03-14 17:54:20] - [INFO] - [dramatiq.worker.Worker:164]  - Worker has been shut down.
[2026-03-14 17:54:20] - [DEBUG] - [dramatiq.worker.WorkerThread:465]  - Worker thread stopped.
[2026-03-14 17:54:20] - [DEBUG] - [dramatiq.worker.Worker:138]  - Workers stopped.
[2026-03-14 17:54:20] - [DEBUG] - [dramatiq.worker.Worker:139]  - Stopping consumers...
[2026-03-14 17:54:20] - [DEBUG] - [dramatiq.worker.WorkerThread:465]  - Worker thread stopped.
[2026-03-14 17:54:20] - [DEBUG] - [dramatiq.worker.Worker:138]  - Workers stopped.
[2026-03-14 17:54:20] - [DEBUG] - [dramatiq.worker.ConsumerThread(default):411]  - Stopping consumer thread...
[2026-03-14 17:54:20] - [DEBUG] - [dramatiq.worker.ConsumerThread(default.DQ):411]  - Stopping consumer thread...
[2026-03-14 17:54:20] - [DEBUG] - [dramatiq.worker.Worker:139]  - Stopping consumers...
[2026-03-14 17:54:20] - [DEBUG] - [dramatiq.worker.ConsumerThread(default):411]  - Stopping consumer thread...
[2026-03-14 17:54:20] - [DEBUG] - [dramatiq.worker.ConsumerThread(default.DQ):411]  - Stopping consumer thread...
[2026-03-14 17:54:20] - [DEBUG] - [dramatiq.worker.WorkerThread:465]  - Worker thread stopped.
[2026-03-14 17:54:20] - [DEBUG] - [dramatiq.worker.WorkerThread:465]  - Worker thread stopped.
[2026-03-14 17:54:20] - [DEBUG] - [dramatiq.worker.Worker:138]  - Workers stopped.
[2026-03-14 17:54:20] - [DEBUG] - [dramatiq.worker.Worker:139]  - Stopping consumers...
[2026-03-14 17:54:20] - [DEBUG] - [dramatiq.worker.ConsumerThread(default):411]  - Stopping consumer thread...
[2026-03-14 17:54:20] - [DEBUG] - [dramatiq.worker.ConsumerThread(default.DQ):411]  - Stopping consumer thread...
[2026-03-14 17:54:20] - [DEBUG] - [dramatiq.worker.WorkerThread:465]  - Worker thread stopped.
[2026-03-14 17:54:20] - [DEBUG] - [dramatiq.worker.ConsumerThread(default.DQ):294]  - Consumer thread stopped.
[2026-03-14 17:54:20] - [DEBUG] - [dramatiq.worker.ConsumerThread(default.DQ):294]  - Consumer thread stopped.
[2026-03-14 17:54:20] - [DEBUG] - [dramatiq.worker.WorkerThread:465]  - Worker thread stopped.
[2026-03-14 17:54:20] - [DEBUG] - [dramatiq.worker.WorkerThread:465]  - Worker thread stopped.
[2026-03-14 17:54:20] - [DEBUG] - [dramatiq.worker.WorkerThread:465]  - Worker thread stopped.
[2026-03-14 17:54:20] - [DEBUG] - [dramatiq.worker.Worker:138]  - Workers stopped.
[2026-03-14 17:54:20] - [DEBUG] - [dramatiq.worker.Worker:139]  - Stopping consumers...
[2026-03-14 17:54:20] - [DEBUG] - [dramatiq.worker.ConsumerThread(default):411]  - Stopping consumer thread...
[2026-03-14 17:54:20] - [DEBUG] - [dramatiq.worker.ConsumerThread(default.DQ):411]  - Stopping consumer thread...
[2026-03-14 17:54:20] - [DEBUG] - [dramatiq.worker.ConsumerThread(default.DQ):294]  - Consumer thread stopped.
[2026-03-14 17:54:20] - [DEBUG] - [dramatiq.worker.ConsumerThread(default.DQ):294]  - Consumer thread stopped.
[2026-03-14 17:54:20] - [DEBUG] - [dramatiq.worker.ConsumerThread(default):294]  - Consumer thread stopped.
[2026-03-14 17:54:20] - [DEBUG] - [dramatiq.worker.Worker:144]  - Consumers stopped.
[2026-03-14 17:54:20] - [DEBUG] - [dramatiq.worker.Worker:146]  - Requeueing in-memory messages...
[2026-03-14 17:54:20] - [DEBUG] - [dramatiq.worker.Worker:156]  - Done requeueing in-progress messages.
[2026-03-14 17:54:20] - [DEBUG] - [dramatiq.worker.Worker:158]  - Closing consumers...
[2026-03-14 17:54:20] - [DEBUG] - [dramatiq.worker.Worker:162]  - Consumers closed.
[2026-03-14 17:54:20] - [INFO] - [dramatiq.worker.Worker:164]  - Worker has been shut down.
[2026-03-14 17:54:20] - [DEBUG] - [dramatiq.worker.ConsumerThread(default):294]  - Consumer thread stopped.
[2026-03-14 17:54:20] - [DEBUG] - [dramatiq.worker.ConsumerThread(default):294]  - Consumer thread stopped.
[2026-03-14 17:54:20] - [DEBUG] - [dramatiq.worker.WorkerThread:465]  - Worker thread stopped.
[2026-03-14 17:54:20] - [DEBUG] - [dramatiq.worker.Worker:138]  - Workers stopped.
[2026-03-14 17:54:20] - [DEBUG] - [dramatiq.worker.Worker:139]  - Stopping consumers...
[2026-03-14 17:54:20] - [DEBUG] - [dramatiq.worker.ConsumerThread(default):411]  - Stopping consumer thread...
[2026-03-14 17:54:20] - [DEBUG] - [dramatiq.worker.ConsumerThread(default.DQ):411]  - Stopping consumer thread...
[2026-03-14 17:54:20] - [DEBUG] - [dramatiq.worker.ConsumerThread(default.DQ):294]  - Consumer thread stopped.
[2026-03-14 17:54:20] - [DEBUG] - [dramatiq.worker.Worker:144]  - Consumers stopped.
[2026-03-14 17:54:20] - [DEBUG] - [dramatiq.worker.Worker:146]  - Requeueing in-memory messages...
[2026-03-14 17:54:20] - [DEBUG] - [dramatiq.worker.WorkerThread:465]  - Worker thread stopped.
[2026-03-14 17:54:20] - [DEBUG] - [dramatiq.worker.Worker:156]  - Done requeueing in-progress messages.
[2026-03-14 17:54:20] - [DEBUG] - [dramatiq.worker.Worker:158]  - Closing consumers...
[2026-03-14 17:54:20] - [DEBUG] - [dramatiq.worker.Worker:162]  - Consumers closed.
[2026-03-14 17:54:20] - [INFO] - [dramatiq.worker.Worker:164]  - Worker has been shut down.
[2026-03-14 17:54:20] - [DEBUG] - [dramatiq.worker.ConsumerThread(default):294]  - Consumer thread stopped.
[2026-03-14 17:54:20] - [DEBUG] - [dramatiq.worker.Worker:144]  - Consumers stopped.
[2026-03-14 17:54:20] - [DEBUG] - [dramatiq.worker.Worker:146]  - Requeueing in-memory messages...
[2026-03-14 17:54:20] - [DEBUG] - [dramatiq.worker.WorkerThread:465]  - Worker thread stopped.
[2026-03-14 17:54:20] - [DEBUG] - [dramatiq.worker.Worker:156]  - Done requeueing in-progress messages.
[2026-03-14 17:54:20] - [DEBUG] - [dramatiq.worker.Worker:158]  - Closing consumers...
[2026-03-14 17:54:20] - [DEBUG] - [dramatiq.worker.Worker:162]  - Consumers closed.
[2026-03-14 17:54:20] - [INFO] - [dramatiq.worker.Worker:164]  - Worker has been shut down.
[2026-03-14 17:54:20] - [DEBUG] - [dramatiq.worker.ConsumerThread(default.DQ):294]  - Consumer thread stopped.
[2026-03-14 17:54:20] - [DEBUG] - [dramatiq.worker.ConsumerThread(default):294]  - Consumer thread stopped.
[2026-03-14 17:54:20] - [DEBUG] - [dramatiq.worker.ConsumerThread(default):294]  - Consumer thread stopped.
[2026-03-14 17:54:20] - [DEBUG] - [dramatiq.worker.Worker:144]  - Consumers stopped.
[2026-03-14 17:54:20] - [DEBUG] - [dramatiq.worker.Worker:146]  - Requeueing in-memory messages...
[2026-03-14 17:54:20] - [DEBUG] - [dramatiq.worker.Worker:156]  - Done requeueing in-progress messages.
[2026-03-14 17:54:20] - [DEBUG] - [dramatiq.worker.Worker:158]  - Closing consumers...
[2026-03-14 17:54:20] - [DEBUG] - [dramatiq.worker.Worker:162]  - Consumers closed.
[2026-03-14 17:54:20] - [INFO] - [dramatiq.worker.Worker:164]  - Worker has been shut down.
[2026-03-14 17:54:20] - [DEBUG] - [dramatiq.worker.WorkerThread:465]  - Worker thread stopped.
[2026-03-14 17:54:20] - [DEBUG] - [dramatiq.worker.Worker:138]  - Workers stopped.
[2026-03-14 17:54:20] - [DEBUG] - [dramatiq.worker.Worker:139]  - Stopping consumers...
[2026-03-14 17:54:20] - [DEBUG] - [dramatiq.worker.WorkerThread:465]  - Worker thread stopped.
[2026-03-14 17:54:20] - [DEBUG] - [dramatiq.worker.ConsumerThread(default):411]  - Stopping consumer thread...
[2026-03-14 17:54:20] - [DEBUG] - [dramatiq.worker.ConsumerThread(default.DQ):411]  - Stopping consumer thread...
[2026-03-14 17:54:20] - [DEBUG] - [dramatiq.worker.ConsumerThread(default.DQ):294]  - Consumer thread stopped.
[2026-03-14 17:54:20] - [DEBUG] - [dramatiq.worker.Worker:144]  - Consumers stopped.
[2026-03-14 17:54:20] - [DEBUG] - [dramatiq.worker.Worker:146]  - Requeueing in-memory messages...
[2026-03-14 17:54:20] - [DEBUG] - [dramatiq.worker.Worker:156]  - Done requeueing in-progress messages.
[2026-03-14 17:54:20] - [DEBUG] - [dramatiq.worker.Worker:158]  - Closing consumers...
[2026-03-14 17:54:20] - [DEBUG] - [dramatiq.worker.Worker:162]  - Consumers closed.
[2026-03-14 17:54:20] - [INFO] - [dramatiq.worker.Worker:164]  - Worker has been shut down.
[2026-03-14 17:54:20] - [DEBUG] - [dramatiq.worker.ConsumerThread(default):294]  - Consumer thread stopped.
[2026-03-14 17:54:20] - [DEBUG] - [dramatiq.worker.Worker:144]  - Consumers stopped.
[2026-03-14 17:54:20] - [DEBUG] - [dramatiq.worker.Worker:146]  - Requeueing in-memory messages...
[2026-03-14 17:54:20] - [DEBUG] - [dramatiq.worker.Worker:156]  - Done requeueing in-progress messages.
[2026-03-14 17:54:20] - [DEBUG] - [dramatiq.worker.Worker:158]  - Closing consumers...
[2026-03-14 17:54:20] - [DEBUG] - [dramatiq.worker.Worker:162]  - Consumers closed.
[2026-03-14 17:54:20] - [INFO] - [dramatiq.worker.Worker:164]  - Worker has been shut down.
[2026-03-14 17:54:20] - [DEBUG] - [dramatiq.worker.ConsumerThread(default.DQ):294]  - Consumer thread stopped.
[2026-03-14 17:54:20] - [DEBUG] - [dramatiq.worker.Worker:144]  - Consumers stopped.
[2026-03-14 17:54:20] - [DEBUG] - [dramatiq.worker.Worker:146]  - Requeueing in-memory messages...
[2026-03-14 17:54:20] - [DEBUG] - [dramatiq.worker.Worker:156]  - Done requeueing in-progress messages.
[2026-03-14 17:54:20] - [DEBUG] - [dramatiq.worker.Worker:158]  - Closing consumers...
[2026-03-14 17:54:20] - [DEBUG] - [dramatiq.worker.Worker:162]  - Consumers closed.
[2026-03-14 17:54:20] - [INFO] - [dramatiq.worker.Worker:164]  - Worker has been shut down.
[2026-03-14 17:54:20] - [DEBUG] - [dramatiq.worker.ConsumerThread(default.DQ):294]  - Consumer thread stopped.
[2026-03-14 17:54:21] - [DEBUG] - [dramatiq.worker.ConsumerThread(default):294]  - Consumer thread stopped.
[2026-03-14 17:54:21] - [DEBUG] - [dramatiq.worker.Worker:144]  - Consumers stopped.
[2026-03-14 17:54:21] - [DEBUG] - [dramatiq.worker.Worker:146]  - Requeueing in-memory messages...
[2026-03-14 17:54:21] - [DEBUG] - [dramatiq.worker.Worker:156]  - Done requeueing in-progress messages.
[2026-03-14 17:54:21] - [DEBUG] - [dramatiq.worker.Worker:158]  - Closing consumers...
[2026-03-14 17:54:21] - [DEBUG] - [dramatiq.worker.Worker:162]  - Consumers closed.
[2026-03-14 17:54:21] - [INFO] - [dramatiq.worker.Worker:164]  - Worker has been shut down.
[2026-03-14 17:54:21] - [DEBUG] - [dramatiq.worker.WorkerThread:465]  - Worker thread stopped.
[2026-03-14 17:54:21] - [DEBUG] - [dramatiq.worker.Worker:138]  - Workers stopped.
[2026-03-14 17:54:21] - [DEBUG] - [dramatiq.worker.Worker:139]  - Stopping consumers...
[2026-03-14 17:54:21] - [DEBUG] - [dramatiq.worker.ConsumerThread(default):411]  - Stopping consumer thread...
[2026-03-14 17:54:21] - [DEBUG] - [dramatiq.worker.ConsumerThread(default.DQ):411]  - Stopping consumer thread...
[2026-03-14 17:54:21] - [DEBUG] - [dramatiq.worker.ConsumerThread(default):294]  - Consumer thread stopped.
[2026-03-14 17:54:21] - [DEBUG] - [dramatiq.worker.ConsumerThread(default):294]  - Consumer thread stopped.
[2026-03-14 17:54:21] - [DEBUG] - [dramatiq.worker.ConsumerThread(default.DQ):294]  - Consumer thread stopped.
[2026-03-14 17:54:21] - [DEBUG] - [dramatiq.worker.Worker:144]  - Consumers stopped.
[2026-03-14 17:54:21] - [DEBUG] - [dramatiq.worker.Worker:146]  - Requeueing in-memory messages...
[2026-03-14 17:54:21] - [DEBUG] - [dramatiq.worker.Worker:156]  - Done requeueing in-progress messages.
[2026-03-14 17:54:21] - [DEBUG] - [dramatiq.worker.Worker:158]  - Closing consumers...
[2026-03-14 17:54:21] - [DEBUG] - [dramatiq.worker.Worker:162]  - Consumers closed.
[2026-03-14 17:54:21] - [INFO] - [dramatiq.worker.Worker:164]  - Worker has been shut down.
[2026-03-14 17:54:21] - [DEBUG] - [dramatiq.worker.ConsumerThread(default.DQ):294]  - Consumer thread stopped.
[2026-03-14 17:54:21] - [DEBUG] - [dramatiq.worker.ConsumerThread(default.DQ):294]  - Consumer thread stopped.
[2026-03-14 17:54:21] - [DEBUG] - [dramatiq.worker.Worker:144]  - Consumers stopped.
[2026-03-14 17:54:21] - [DEBUG] - [dramatiq.worker.Worker:146]  - Requeueing in-memory messages...
[2026-03-14 17:54:21] - [DEBUG] - [dramatiq.worker.Worker:156]  - Done requeueing in-progress messages.
[2026-03-14 17:54:21] - [DEBUG] - [dramatiq.worker.Worker:158]  - Closing consumers...
[2026-03-14 17:54:21] - [DEBUG] - [dramatiq.worker.Worker:162]  - Consumers closed.
[2026-03-14 17:54:21] - [INFO] - [dramatiq.worker.Worker:164]  - Worker has been shut down.
[2026-03-14 17:54:21] - [DEBUG] - [dramatiq.worker.ConsumerThread(default.DQ):294]  - Consumer thread stopped.
[2026-03-14 17:54:21] - [DEBUG] - [dramatiq.worker.Worker:144]  - Consumers stopped.
[2026-03-14 17:54:21] - [DEBUG] - [dramatiq.worker.Worker:146]  - Requeueing in-memory messages...
[2026-03-14 17:54:21] - [DEBUG] - [dramatiq.worker.Worker:156]  - Done requeueing in-progress messages.
[2026-03-14 17:54:21] - [DEBUG] - [dramatiq.worker.Worker:158]  - Closing consumers...
[2026-03-14 17:54:21] - [DEBUG] - [dramatiq.worker.ConsumerThread(default):294]  - Consumer thread stopped.
[2026-03-14 17:54:21] - [DEBUG] - [dramatiq.worker.Worker:162]  - Consumers closed.
[2026-03-14 17:54:21] - [DEBUG] - [dramatiq.worker.Worker:144]  - Consumers stopped.
[2026-03-14 17:54:21] - [DEBUG] - [dramatiq.worker.Worker:146]  - Requeueing in-memory messages...
[2026-03-14 17:54:21] - [INFO] - [dramatiq.worker.Worker:164]  - Worker has been shut down.
[2026-03-14 17:54:21] - [DEBUG] - [dramatiq.worker.Worker:156]  - Done requeueing in-progress messages.
[2026-03-14 17:54:21] - [DEBUG] - [dramatiq.worker.Worker:158]  - Closing consumers...
[2026-03-14 17:54:21] - [DEBUG] - [dramatiq.worker.Worker:162]  - Consumers closed.
[2026-03-14 17:54:21] - [INFO] - [dramatiq.worker.Worker:164]  - Worker has been shut down.
[2026-03-14 17:54:21] - [DEBUG] - [dramatiq.worker.ConsumerThread(default.DQ):294]  - Consumer thread stopped.
[2026-03-14 17:54:21] - [DEBUG] - [dramatiq.worker.ConsumerThread(default):294]  - Consumer thread stopped.
[2026-03-14 17:54:21] - [DEBUG] - [dramatiq.worker.Worker:144]  - Consumers stopped.
[2026-03-14 17:54:21] - [DEBUG] - [dramatiq.worker.Worker:146]  - Requeueing in-memory messages...
[2026-03-14 17:54:21] - [DEBUG] - [dramatiq.worker.Worker:156]  - Done requeueing in-progress messages.
[2026-03-14 17:54:21] - [DEBUG] - [dramatiq.worker.Worker:158]  - Closing consumers...
[2026-03-14 17:54:21] - [DEBUG] - [dramatiq.worker.Worker:162]  - Consumers closed.
[2026-03-14 17:54:21] - [INFO] - [dramatiq.worker.Worker:164]  - Worker has been shut down.
[2026-03-14 17:54:21] - [DEBUG] - [dramatiq.worker.ConsumerThread(default.DQ):294]  - Consumer thread stopped.
[2026-03-14 17:54:21] - [DEBUG] - [dramatiq.worker.Worker:144]  - Consumers stopped.
[2026-03-14 17:54:21] - [DEBUG] - [dramatiq.worker.Worker:146]  - Requeueing in-memory messages...
[2026-03-14 17:54:21] - [DEBUG] - [dramatiq.worker.Worker:156]  - Done requeueing in-progress messages.
[2026-03-14 17:54:21] - [DEBUG] - [dramatiq.worker.Worker:158]  - Closing consumers...
[2026-03-14 17:54:21] - [DEBUG] - [dramatiq.worker.Worker:162]  - Consumers closed.
[2026-03-14 17:54:21] - [INFO] - [dramatiq.worker.Worker:164]  - Worker has been shut down.
[2026-03-14 17:54:21] - [DEBUG] - [dramatiq.worker.ConsumerThread(default):294]  - Consumer thread stopped.
[2026-03-14 17:54:21] - [DEBUG] - [dramatiq.worker.Worker:144]  - Consumers stopped.
[2026-03-14 17:54:21] - [DEBUG] - [dramatiq.worker.Worker:146]  - Requeueing in-memory messages...
[2026-03-14 17:54:21] - [DEBUG] - [dramatiq.worker.Worker:156]  - Done requeueing in-progress messages.
[2026-03-14 17:54:21] - [DEBUG] - [dramatiq.worker.Worker:158]  - Closing consumers...
[2026-03-14 17:54:21] - [DEBUG] - [dramatiq.worker.Worker:162]  - Consumers closed.
[2026-03-14 17:54:21] - [INFO] - [dramatiq.worker.Worker:164]  - Worker has been shut down.
[2026-03-14 17:54:49,722] [PID 117] [MainThread] [dramatiq.MainProcess] [INFO] Dramatiq '1.16.0' is booting up.
[2026-03-14 17:54:48] - [DEBUG] - [dramatiq.WorkerProcess(0):396]  - Loading modules...
[2026-03-14 17:54:49] - [DEBUG] - [dramatiq.WorkerProcess(0):408]  - Starting worker threads...
[2026-03-14 17:54:49] - [DEBUG] - [dramatiq.worker._WorkerMiddleware:223]  - Adding consumer for queue 'default'.
[2026-03-14 17:54:49] - [DEBUG] - [dramatiq.worker.ConsumerThread(default):248]  - Running consumer thread...
[2026-03-14 17:54:49] - [DEBUG] - [dramatiq.worker._WorkerMiddleware:227]  - Adding consumer for delay queue 'default.DQ'.
[2026-03-14 17:54:49] - [DEBUG] - [dramatiq.worker.ConsumerThread(default.DQ):248]  - Running consumer thread...
[2026-03-14 17:54:49] - [DEBUG] - [dramatiq.worker.WorkerThread:449]  - Running worker thread...
[2026-03-14 17:54:49] - [DEBUG] - [dramatiq.worker.WorkerThread:449]  - Running worker thread...
[2026-03-14 17:54:49] - [DEBUG] - [dramatiq.worker.WorkerThread:449]  - Running worker thread...
[2026-03-14 17:54:49] - [DEBUG] - [dramatiq.worker.WorkerThread:449]  - Running worker thread...
[2026-03-14 17:54:49] - [INFO] - [dramatiq.WorkerProcess(0):423]  - Worker process is ready for action.
[2026-03-14 17:54:49] - [DEBUG] - [dramatiq.WorkerProcess(1):396]  - Loading modules...
[2026-03-14 17:54:49] - [DEBUG] - [dramatiq.WorkerProcess(1):408]  - Starting worker threads...
[2026-03-14 17:54:49] - [DEBUG] - [dramatiq.worker._WorkerMiddleware:223]  - Adding consumer for queue 'default'.
[2026-03-14 17:54:49] - [DEBUG] - [dramatiq.worker.ConsumerThread(default):248]  - Running consumer thread...
[2026-03-14 17:54:49] - [DEBUG] - [dramatiq.worker._WorkerMiddleware:227]  - Adding consumer for delay queue 'default.DQ'.
[2026-03-14 17:54:49] - [DEBUG] - [dramatiq.worker.ConsumerThread(default.DQ):248]  - Running consumer thread...
[2026-03-14 17:54:49] - [DEBUG] - [dramatiq.worker.WorkerThread:449]  - Running worker thread...
[2026-03-14 17:54:49] - [DEBUG] - [dramatiq.worker.WorkerThread:449]  - Running worker thread...
[2026-03-14 17:54:49] - [DEBUG] - [dramatiq.worker.WorkerThread:449]  - Running worker thread...
[2026-03-14 17:54:49] - [DEBUG] - [dramatiq.worker.WorkerThread:449]  - Running worker thread...
[2026-03-14 17:54:49] - [INFO] - [dramatiq.WorkerProcess(1):423]  - Worker process is ready for action.
[2026-03-14 17:54:48] - [DEBUG] - [dramatiq.WorkerProcess(2):396]  - Loading modules...
[2026-03-14 17:54:48] - [DEBUG] - [dramatiq.WorkerProcess(2):408]  - Starting worker threads...
[2026-03-14 17:54:48] - [DEBUG] - [dramatiq.worker._WorkerMiddleware:223]  - Adding consumer for queue 'default'.
[2026-03-14 17:54:48] - [DEBUG] - [dramatiq.worker.ConsumerThread(default):248]  - Running consumer thread...
[2026-03-14 17:54:49] - [DEBUG] - [dramatiq.worker._WorkerMiddleware:227]  - Adding consumer for delay queue 'default.DQ'.
[2026-03-14 17:54:49] - [DEBUG] - [dramatiq.worker.ConsumerThread(default.DQ):248]  - Running consumer thread...
[2026-03-14 17:54:49] - [DEBUG] - [dramatiq.worker.WorkerThread:449]  - Running worker thread...
[2026-03-14 17:54:49] - [DEBUG] - [dramatiq.worker.WorkerThread:449]  - Running worker thread...
[2026-03-14 17:54:49] - [DEBUG] - [dramatiq.worker.WorkerThread:449]  - Running worker thread...
[2026-03-14 17:54:49] - [DEBUG] - [dramatiq.worker.WorkerThread:449]  - Running worker thread...
[2026-03-14 17:54:49] - [INFO] - [dramatiq.WorkerProcess(2):423]  - Worker process is ready for action.
[2026-03-14 17:54:48] - [DEBUG] - [dramatiq.WorkerProcess(3):396]  - Loading modules...
[2026-03-14 17:54:48] - [DEBUG] - [dramatiq.WorkerProcess(3):402]  - Sending forks to main process...
[2026-03-14 17:54:48] - [DEBUG] - [dramatiq.WorkerProcess(3):408]  - Starting worker threads...
[2026-03-14 17:54:48] - [DEBUG] - [dramatiq.worker._WorkerMiddleware:223]  - Adding consumer for queue 'default'.
[2026-03-14 17:54:48] - [DEBUG] - [dramatiq.worker.ConsumerThread(default):248]  - Running consumer thread...
[2026-03-14 17:54:48] - [DEBUG] - [dramatiq.worker._WorkerMiddleware:227]  - Adding consumer for delay queue 'default.DQ'.
[2026-03-14 17:54:48] - [DEBUG] - [dramatiq.worker.ConsumerThread(default.DQ):248]  - Running consumer thread...
[2026-03-14 17:54:48] - [DEBUG] - [dramatiq.worker.WorkerThread:449]  - Running worker thread...
[2026-03-14 17:54:48] - [DEBUG] - [dramatiq.worker.WorkerThread:449]  - Running worker thread...
[2026-03-14 17:54:48] - [DEBUG] - [dramatiq.worker.WorkerThread:449]  - Running worker thread...
[2026-03-14 17:54:48] - [DEBUG] - [dramatiq.worker.WorkerThread:449]  - Running worker thread...
[2026-03-14 17:54:48] - [INFO] - [dramatiq.WorkerProcess(3):423]  - Worker process is ready for action.
[2026-03-14 17:54:48] - [DEBUG] - [dramatiq.WorkerProcess(4):396]  - Loading modules...
[2026-03-14 17:54:48] - [DEBUG] - [dramatiq.WorkerProcess(4):408]  - Starting worker threads...
[2026-03-14 17:54:48] - [DEBUG] - [dramatiq.worker._WorkerMiddleware:223]  - Adding consumer for queue 'default'.
[2026-03-14 17:54:48] - [DEBUG] - [dramatiq.worker.ConsumerThread(default):248]  - Running consumer thread...
[2026-03-14 17:54:48] - [DEBUG] - [dramatiq.worker._WorkerMiddleware:227]  - Adding consumer for delay queue 'default.DQ'.
[2026-03-14 17:54:48] - [DEBUG] - [dramatiq.worker.ConsumerThread(default.DQ):248]  - Running consumer thread...
[2026-03-14 17:54:48] - [DEBUG] - [dramatiq.worker.WorkerThread:449]  - Running worker thread...
[2026-03-14 17:54:48] - [DEBUG] - [dramatiq.worker.WorkerThread:449]  - Running worker thread...
[2026-03-14 17:54:48] - [DEBUG] - [dramatiq.worker.WorkerThread:449]  - Running worker thread...
[2026-03-14 17:54:48] - [DEBUG] - [dramatiq.worker.WorkerThread:449]  - Running worker thread...
[2026-03-14 17:54:48] - [INFO] - [dramatiq.WorkerProcess(4):423]  - Worker process is ready for action.
[2026-03-14 17:54:48] - [DEBUG] - [dramatiq.WorkerProcess(5):396]  - Loading modules...
[2026-03-14 17:54:48] - [DEBUG] - [dramatiq.WorkerProcess(5):408]  - Starting worker threads...
[2026-03-14 17:54:48] - [DEBUG] - [dramatiq.worker._WorkerMiddleware:223]  - Adding consumer for queue 'default'.
[2026-03-14 17:54:49] - [DEBUG] - [dramatiq.worker.ConsumerThread(default):248]  - Running consumer thread...
[2026-03-14 17:54:49] - [DEBUG] - [dramatiq.worker._WorkerMiddleware:227]  - Adding consumer for delay queue 'default.DQ'.
[2026-03-14 17:54:49] - [DEBUG] - [dramatiq.worker.ConsumerThread(default.DQ):248]  - Running consumer thread...
[2026-03-14 17:54:49] - [DEBUG] - [dramatiq.worker.WorkerThread:449]  - Running worker thread...
[2026-03-14 17:54:49] - [DEBUG] - [dramatiq.worker.WorkerThread:449]  - Running worker thread...
[2026-03-14 17:54:49] - [DEBUG] - [dramatiq.worker.WorkerThread:449]  - Running worker thread...
[2026-03-14 17:54:49] - [DEBUG] - [dramatiq.worker.WorkerThread:449]  - Running worker thread...
[2026-03-14 17:54:49] - [INFO] - [dramatiq.WorkerProcess(5):423]  - Worker process is ready for action.
[2026-03-14 17:54:49] - [DEBUG] - [dramatiq.WorkerProcess(6):396]  - Loading modules...
[2026-03-14 17:54:49] - [DEBUG] - [dramatiq.WorkerProcess(6):408]  - Starting worker threads...
[2026-03-14 17:54:49] - [DEBUG] - [dramatiq.worker._WorkerMiddleware:223]  - Adding consumer for queue 'default'.
[2026-03-14 17:54:49] - [DEBUG] - [dramatiq.worker.ConsumerThread(default):248]  - Running consumer thread...
[2026-03-14 17:54:49] - [DEBUG] - [dramatiq.worker._WorkerMiddleware:227]  - Adding consumer for delay queue 'default.DQ'.
[2026-03-14 17:54:49] - [DEBUG] - [dramatiq.worker.ConsumerThread(default.DQ):248]  - Running consumer thread...
[2026-03-14 17:54:49] - [DEBUG] - [dramatiq.worker.WorkerThread:449]  - Running worker thread...
[2026-03-14 17:54:49] - [DEBUG] - [dramatiq.worker.WorkerThread:449]  - Running worker thread...
[2026-03-14 17:54:49] - [DEBUG] - [dramatiq.worker.WorkerThread:449]  - Running worker thread...
[2026-03-14 17:54:49] - [DEBUG] - [dramatiq.worker.WorkerThread:449]  - Running worker thread...
[2026-03-14 17:54:49] - [INFO] - [dramatiq.WorkerProcess(6):423]  - Worker process is ready for action.
[2026-03-14 17:54:48] - [DEBUG] - [dramatiq.WorkerProcess(7):396]  - Loading modules...
[2026-03-14 17:54:48] - [DEBUG] - [dramatiq.WorkerProcess(7):408]  - Starting worker threads...
[2026-03-14 17:54:48] - [DEBUG] - [dramatiq.worker._WorkerMiddleware:223]  - Adding consumer for queue 'default'.
[2026-03-14 17:54:48] - [DEBUG] - [dramatiq.worker.ConsumerThread(default):248]  - Running consumer thread...
[2026-03-14 17:54:48] - [DEBUG] - [dramatiq.worker._WorkerMiddleware:227]  - Adding consumer for delay queue 'default.DQ'.
[2026-03-14 17:54:48] - [DEBUG] - [dramatiq.worker.ConsumerThread(default.DQ):248]  - Running consumer thread...
[2026-03-14 17:54:48] - [DEBUG] - [dramatiq.worker.WorkerThread:449]  - Running worker thread...
[2026-03-14 17:54:48] - [DEBUG] - [dramatiq.worker.WorkerThread:449]  - Running worker thread...
[2026-03-14 17:54:48] - [DEBUG] - [dramatiq.worker.WorkerThread:449]  - Running worker thread...
[2026-03-14 17:54:49] - [DEBUG] - [dramatiq.worker.WorkerThread:449]  - Running worker thread...
[2026-03-14 17:54:49] - [INFO] - [dramatiq.WorkerProcess(7):423]  - Worker process is ready for action.
[2026-03-14 17:54:48] - [DEBUG] - [dramatiq.WorkerProcess(8):396]  - Loading modules...
[2026-03-14 17:54:49] - [DEBUG] - [dramatiq.WorkerProcess(8):408]  - Starting worker threads...
[2026-03-14 17:54:49] - [DEBUG] - [dramatiq.worker._WorkerMiddleware:223]  - Adding consumer for queue 'default'.
[2026-03-14 17:54:49] - [DEBUG] - [dramatiq.worker.ConsumerThread(default):248]  - Running consumer thread...
[2026-03-14 17:54:49] - [DEBUG] - [dramatiq.worker._WorkerMiddleware:227]  - Adding consumer for delay queue 'default.DQ'.
[2026-03-14 17:54:49] - [DEBUG] - [dramatiq.worker.ConsumerThread(default.DQ):248]  - Running consumer thread...
[2026-03-14 17:54:49] - [DEBUG] - [dramatiq.worker.WorkerThread:449]  - Running worker thread...
[2026-03-14 17:54:49] - [DEBUG] - [dramatiq.worker.WorkerThread:449]  - Running worker thread...
[2026-03-14 17:54:49] - [DEBUG] - [dramatiq.worker.WorkerThread:449]  - Running worker thread...
[2026-03-14 17:54:49] - [DEBUG] - [dramatiq.worker.WorkerThread:449]  - Running worker thread...
[2026-03-14 17:54:49] - [INFO] - [dramatiq.WorkerProcess(8):423]  - Worker process is ready for action.
[2026-03-14 17:54:48] - [DEBUG] - [dramatiq.WorkerProcess(9):396]  - Loading modules...
[2026-03-14 17:54:48] - [DEBUG] - [dramatiq.WorkerProcess(9):408]  - Starting worker threads...
[2026-03-14 17:54:48] - [DEBUG] - [dramatiq.worker._WorkerMiddleware:223]  - Adding consumer for queue 'default'.
[2026-03-14 17:54:48] - [DEBUG] - [dramatiq.worker.ConsumerThread(default):248]  - Running consumer thread...
[2026-03-14 17:54:48] - [DEBUG] - [dramatiq.worker._WorkerMiddleware:227]  - Adding consumer for delay queue 'default.DQ'.
[2026-03-14 17:54:48] - [DEBUG] - [dramatiq.worker.ConsumerThread(default.DQ):248]  - Running consumer thread...
[2026-03-14 17:54:48] - [DEBUG] - [dramatiq.worker.WorkerThread:449]  - Running worker thread...
[2026-03-14 17:54:48] - [DEBUG] - [dramatiq.worker.WorkerThread:449]  - Running worker thread...
[2026-03-14 17:54:48] - [DEBUG] - [dramatiq.worker.WorkerThread:449]  - Running worker thread...
[2026-03-14 17:54:48] - [DEBUG] - [dramatiq.worker.WorkerThread:449]  - Running worker thread...
[2026-03-14 17:54:48] - [INFO] - [dramatiq.WorkerProcess(9):423]  - Worker process is ready for action.
[2026-03-14 17:54:49] - [DEBUG] - [dramatiq.WorkerProcess(10):396]  - Loading modules...
[2026-03-14 17:54:49] - [DEBUG] - [dramatiq.WorkerProcess(10):408]  - Starting worker threads...
[2026-03-14 17:54:49] - [DEBUG] - [dramatiq.worker._WorkerMiddleware:223]  - Adding consumer for queue 'default'.
[2026-03-14 17:54:49] - [DEBUG] - [dramatiq.worker.ConsumerThread(default):248]  - Running consumer thread...
[2026-03-14 17:54:49] - [DEBUG] - [dramatiq.worker._WorkerMiddleware:227]  - Adding consumer for delay queue 'default.DQ'.
[2026-03-14 17:54:49] - [DEBUG] - [dramatiq.worker.ConsumerThread(default.DQ):248]  - Running consumer thread...
[2026-03-14 17:54:49] - [DEBUG] - [dramatiq.worker.WorkerThread:449]  - Running worker thread...
[2026-03-14 17:54:49] - [DEBUG] - [dramatiq.worker.WorkerThread:449]  - Running worker thread...
[2026-03-14 17:54:49] - [DEBUG] - [dramatiq.worker.WorkerThread:449]  - Running worker thread...
[2026-03-14 17:54:49] - [DEBUG] - [dramatiq.worker.WorkerThread:449]  - Running worker thread...
[2026-03-14 17:54:49] - [INFO] - [dramatiq.WorkerProcess(10):423]  - Worker process is ready for action.
[2026-03-14 17:54:49] - [DEBUG] - [dramatiq.WorkerProcess(11):396]  - Loading modules...
[2026-03-14 17:54:49] - [DEBUG] - [dramatiq.WorkerProcess(11):408]  - Starting worker threads...
[2026-03-14 17:54:49] - [DEBUG] - [dramatiq.worker._WorkerMiddleware:223]  - Adding consumer for queue 'default'.
[2026-03-14 17:54:49] - [DEBUG] - [dramatiq.worker.ConsumerThread(default):248]  - Running consumer thread...
[2026-03-14 17:54:49] - [DEBUG] - [dramatiq.worker._WorkerMiddleware:227]  - Adding consumer for delay queue 'default.DQ'.
[2026-03-14 17:54:49] - [DEBUG] - [dramatiq.worker.ConsumerThread(default.DQ):248]  - Running consumer thread...
[2026-03-14 17:54:49] - [DEBUG] - [dramatiq.worker.WorkerThread:449]  - Running worker thread...
[2026-03-14 17:54:49] - [DEBUG] - [dramatiq.worker.WorkerThread:449]  - Running worker thread...
[2026-03-14 17:54:49] - [DEBUG] - [dramatiq.worker.WorkerThread:449]  - Running worker thread...
[2026-03-14 17:54:49] - [DEBUG] - [dramatiq.worker.WorkerThread:449]  - Running worker thread...
[2026-03-14 17:54:49] - [INFO] - [dramatiq.WorkerProcess(11):423]  - Worker process is ready for action.
[2026-03-14 17:54:49] - [DEBUG] - [dramatiq.WorkerProcess(12):396]  - Loading modules...
[2026-03-14 17:54:49] - [DEBUG] - [dramatiq.WorkerProcess(12):408]  - Starting worker threads...
[2026-03-14 17:54:49] - [DEBUG] - [dramatiq.worker._WorkerMiddleware:223]  - Adding consumer for queue 'default'.
[2026-03-14 17:54:49] - [DEBUG] - [dramatiq.worker.ConsumerThread(default):248]  - Running consumer thread...
[2026-03-14 17:54:49] - [DEBUG] - [dramatiq.worker._WorkerMiddleware:227]  - Adding consumer for delay queue 'default.DQ'.
[2026-03-14 17:54:49] - [DEBUG] - [dramatiq.worker.ConsumerThread(default.DQ):248]  - Running consumer thread...
[2026-03-14 17:54:49] - [DEBUG] - [dramatiq.worker.WorkerThread:449]  - Running worker thread...
[2026-03-14 17:54:49] - [DEBUG] - [dramatiq.worker.WorkerThread:449]  - Running worker thread...
[2026-03-14 17:54:49] - [DEBUG] - [dramatiq.worker.WorkerThread:449]  - Running worker thread...
[2026-03-14 17:54:49] - [DEBUG] - [dramatiq.worker.WorkerThread:449]  - Running worker thread...
[2026-03-14 17:54:49] - [INFO] - [dramatiq.WorkerProcess(12):423]  - Worker process is ready for action.
[2026-03-14 17:54:49] - [DEBUG] - [dramatiq.WorkerProcess(13):396]  - Loading modules...
[2026-03-14 17:54:49] - [DEBUG] - [dramatiq.WorkerProcess(13):408]  - Starting worker threads...
[2026-03-14 17:54:49] - [DEBUG] - [dramatiq.worker._WorkerMiddleware:223]  - Adding consumer for queue 'default'.
[2026-03-14 17:54:49] - [DEBUG] - [dramatiq.worker.ConsumerThread(default):248]  - Running consumer thread...
[2026-03-14 17:54:49] - [DEBUG] - [dramatiq.worker._WorkerMiddleware:227]  - Adding consumer for delay queue 'default.DQ'.
[2026-03-14 17:54:49] - [DEBUG] - [dramatiq.worker.ConsumerThread(default.DQ):248]  - Running consumer thread...
[2026-03-14 17:54:49] - [DEBUG] - [dramatiq.worker.WorkerThread:449]  - Running worker thread...
[2026-03-14 17:54:49] - [DEBUG] - [dramatiq.worker.WorkerThread:449]  - Running worker thread...
[2026-03-14 17:54:49] - [DEBUG] - [dramatiq.worker.WorkerThread:449]  - Running worker thread...
[2026-03-14 17:54:49] - [DEBUG] - [dramatiq.worker.WorkerThread:449]  - Running worker thread...
[2026-03-14 17:54:49] - [INFO] - [dramatiq.WorkerProcess(13):423]  - Worker process is ready for action.
[2026-03-14 17:54:49] - [DEBUG] - [dramatiq.WorkerProcess(14):396]  - Loading modules...
[2026-03-14 17:54:49] - [DEBUG] - [dramatiq.WorkerProcess(14):408]  - Starting worker threads...
[2026-03-14 17:54:49] - [DEBUG] - [dramatiq.worker._WorkerMiddleware:223]  - Adding consumer for queue 'default'.
[2026-03-14 17:54:49] - [DEBUG] - [dramatiq.worker.ConsumerThread(default):248]  - Running consumer thread...
[2026-03-14 17:54:49] - [DEBUG] - [dramatiq.worker._WorkerMiddleware:227]  - Adding consumer for delay queue 'default.DQ'.
[2026-03-14 17:54:49] - [DEBUG] - [dramatiq.worker.ConsumerThread(default.DQ):248]  - Running consumer thread...
[2026-03-14 17:54:49] - [DEBUG] - [dramatiq.worker.WorkerThread:449]  - Running worker thread...
[2026-03-14 17:54:49] - [DEBUG] - [dramatiq.worker.WorkerThread:449]  - Running worker thread...
[2026-03-14 17:54:49] - [DEBUG] - [dramatiq.worker.WorkerThread:449]  - Running worker thread...
[2026-03-14 17:54:49] - [DEBUG] - [dramatiq.worker.WorkerThread:449]  - Running worker thread...
[2026-03-14 17:54:49] - [INFO] - [dramatiq.WorkerProcess(14):423]  - Worker process is ready for action.
[2026-03-14 17:54:49] - [DEBUG] - [dramatiq.WorkerProcess(15):396]  - Loading modules...
[2026-03-14 17:54:49] - [DEBUG] - [dramatiq.WorkerProcess(15):408]  - Starting worker threads...
[2026-03-14 17:54:49] - [DEBUG] - [dramatiq.worker._WorkerMiddleware:223]  - Adding consumer for queue 'default'.
[2026-03-14 17:54:49] - [DEBUG] - [dramatiq.worker.ConsumerThread(default):248]  - Running consumer thread...
[2026-03-14 17:54:49] - [DEBUG] - [dramatiq.worker._WorkerMiddleware:227]  - Adding consumer for delay queue 'default.DQ'.
[2026-03-14 17:54:49] - [DEBUG] - [dramatiq.worker.ConsumerThread(default.DQ):248]  - Running consumer thread...
[2026-03-14 17:54:49] - [DEBUG] - [dramatiq.worker.WorkerThread:449]  - Running worker thread...
[2026-03-14 17:54:49] - [DEBUG] - [dramatiq.worker.WorkerThread:449]  - Running worker thread...
[2026-03-14 17:54:49] - [DEBUG] - [dramatiq.worker.WorkerThread:449]  - Running worker thread...
[2026-03-14 17:54:49] - [DEBUG] - [dramatiq.worker.WorkerThread:449]  - Running worker thread...
[2026-03-14 17:54:49] - [INFO] - [dramatiq.WorkerProcess(15):423]  - Worker process is ready for action.
