[2026-03-14 12:53:54 +0000] [1] [INFO] Starting gunicorn 25.1.0
[2026-03-14 12:53:54 +0000] [1] [INFO] Listening at: http://0.0.0.0:8080 (1)
[2026-03-14 12:53:54 +0000] [1] [INFO] Using worker: gthread
[2026-03-14 12:53:54 +0000] [1] [ERROR] Control server error: [Errno 30] Read-only file system
[2026-03-14 12:53:54 +0000] [15] [INFO] Booting worker with pid: 15
[2026-03-14 12:53:54 +0000] [16] [INFO] Booting worker with pid: 16
[2026-03-14 12:53:54 +0000] [17] [INFO] Booting worker with pid: 17
[2026-03-14 12:53:54 +0000] [18] [INFO] Booting worker with pid: 18
[2026-03-14 12:53:54 +0000] [19] [INFO] Booting worker with pid: 19
[2026-03-14 12:53:55 +0000] [20] [INFO] Booting worker with pid: 20
[2026-03-14 12:53:55 +0000] [21] [INFO] Booting worker with pid: 21
[2026-03-14 12:53:55 +0000] [22] [INFO] Booting worker with pid: 22
[2026-03-14 12:53:55 +0000] [23] [INFO] Booting worker with pid: 23
[2026-03-14 12:53:55 +0000] [24] [INFO] Booting worker with pid: 24
[2026-03-14 12:53:55 +0000] [25] [INFO] Booting worker with pid: 25
[2026-03-14 12:53:55 +0000] [26] [INFO] Booting worker with pid: 26
[2026-03-14 12:53:55 +0000] [27] [INFO] Booting worker with pid: 27
[2026-03-14 12:53:55 +0000] [28] [INFO] Booting worker with pid: 28
[2026-03-14 12:53:55 +0000] [29] [INFO] Booting worker with pid: 29
[2026-03-14 12:53:55 +0000] [30] [INFO] Booting worker with pid: 30
